<?xml version="1.0" encoding="UTF-8"?>
<testsuite name="Accommodation" tests="1" skipped="0" failures="1" errors="0" timestamp="2023-09-27T13:26:12" hostname="DESKTOP-RDKKRJ2" time="8.689">
  <properties/>
  <testcase name="Search hotel deals with params and filters" classname="Accommodation" time="8.689">
    <failure message="cucumber.runtime.CucumberException: Arity mismatch: Step Definition 'stepdefinitions.AccommodationStepDefinition.theUserChangesTheCurrency() in file:/C:/Users/CristianSenasoft/IdeaProjects/Senasoft2023Grupo3/Automatizaci%c3%b3n/screenplay/build/classes/java/test/' with pattern [^The user changes the currency$] is declared with 0 parameters. However, the gherkin step has 1 arguments [Table:[[example, example2], [a, a]]]. &#10;Step text: The user changes the currency" type="cucumber.runtime.CucumberException">cucumber.runtime.CucumberException: Arity mismatch: Step Definition 'stepdefinitions.AccommodationStepDefinition.theUserChangesTheCurrency() in file:/C:/Users/CristianSenasoft/IdeaProjects/Senasoft2023Grupo3/Automatizaci%c3%b3n/screenplay/build/classes/java/test/' with pattern [^The user changes the currency$] is declared with 0 parameters. However, the gherkin step has 1 arguments [Table:[[example, example2], [a, a]]]. 
Step text: The user changes the currency
	at app//cucumber.runtime.StepDefinitionMatch.arityMismatch(StepDefinitionMatch.java:111)
	at app//cucumber.runtime.StepDefinitionMatch.transformedArgs(StepDefinitionMatch.java:66)
	at app//cucumber.runtime.StepDefinitionMatch.runStep(StepDefinitionMatch.java:40)
	at app//cucumber.api.TestStep.executeStep(TestStep.java:102)
	at app//cucumber.api.TestStep.run(TestStep.java:83)
	at app//cucumber.api.TestCase.run(TestCase.java:58)
	at app//cucumber.runner.Runner.runPickle(Runner.java:80)
	at app//cucumber.runtime.junit.PickleRunners$NoStepDescriptions.run(PickleRunners.java:140)
	at app//cucumber.runtime.junit.FeatureRunner.runChild(FeatureRunner.java:68)
	at app//cucumber.runtime.junit.FeatureRunner.runChild(FeatureRunner.java:23)
	at app//org.junit.runners.ParentRunner$3.run(ParentRunner.java:290)
	at app//org.junit.runners.ParentRunner$1.schedule(ParentRunner.java:71)
	at app//org.junit.runners.ParentRunner.runChildren(ParentRunner.java:288)
	at app//org.junit.runners.ParentRunner.access$000(ParentRunner.java:58)
	at app//org.junit.runners.ParentRunner$2.evaluate(ParentRunner.java:268)
	at app//org.junit.runners.ParentRunner.run(ParentRunner.java:363)
	at app//cucumber.runtime.junit.FeatureRunner.run(FeatureRunner.java:73)
	at app//cucumber.api.junit.Cucumber.runChild(Cucumber.java:118)
	at app//cucumber.api.junit.Cucumber.runChild(Cucumber.java:56)
	at app//org.junit.runners.ParentRunner$3.run(ParentRunner.java:290)
	at app//org.junit.runners.ParentRunner$1.schedule(ParentRunner.java:71)
	at app//org.junit.runners.ParentRunner.runChildren(ParentRunner.java:288)
	at app//org.junit.runners.ParentRunner.access$000(ParentRunner.java:58)
	at app//org.junit.runners.ParentRunner$2.evaluate(ParentRunner.java:268)
	at app//cucumber.api.junit.Cucumber$1.evaluate(Cucumber.java:127)
	at app//org.junit.runners.ParentRunner.run(ParentRunner.java:363)
	at org.gradle.api.internal.tasks.testing.junit.JUnitTestClassExecutor.runTestClass(JUnitTestClassExecutor.java:108)
	at org.gradle.api.internal.tasks.testing.junit.JUnitTestClassExecutor.execute(JUnitTestClassExecutor.java:58)
	at org.gradle.api.internal.tasks.testing.junit.JUnitTestClassExecutor.execute(JUnitTestClassExecutor.java:40)
	at org.gradle.api.internal.tasks.testing.junit.AbstractJUnitTestClassProcessor.processTestClass(AbstractJUnitTestClassProcessor.java:60)
	at org.gradle.api.internal.tasks.testing.SuiteTestClassProcessor.processTestClass(SuiteTestClassProcessor.java:52)
	at java.base@11.0.19/jdk.internal.reflect.NativeMethodAccessorImpl.invoke0(Native Method)
	at java.base@11.0.19/jdk.internal.reflect.NativeMethodAccessorImpl.invoke(NativeMethodAccessorImpl.java:62)
	at java.base@11.0.19/jdk.internal.reflect.DelegatingMethodAccessorImpl.invoke(DelegatingMethodAccessorImpl.java:43)
	at java.base@11.0.19/java.lang.reflect.Method.invoke(Method.java:566)
	at org.gradle.internal.dispatch.ReflectionDispatch.dispatch(ReflectionDispatch.java:36)
	at org.gradle.internal.dispatch.ReflectionDispatch.dispatch(ReflectionDispatch.java:24)
	at org.gradle.internal.dispatch.ContextClassLoaderDispatch.dispatch(ContextClassLoaderDispatch.java:33)
	at org.gradle.internal.dispatch.ProxyDispatchAdapter$DispatchingInvocationHandler.invoke(ProxyDispatchAdapter.java:94)
	at com.sun.proxy.$Proxy2.processTestClass(Unknown Source)
	at org.gradle.api.internal.tasks.testing.worker.TestWorker$2.run(TestWorker.java:176)
	at org.gradle.api.internal.tasks.testing.worker.TestWorker.executeAndMaintainThreadName(TestWorker.java:129)
	at org.gradle.api.internal.tasks.testing.worker.TestWorker.execute(TestWorker.java:100)
	at org.gradle.api.internal.tasks.testing.worker.TestWorker.execute(TestWorker.java:60)
	at org.gradle.process.internal.worker.child.ActionExecutionWorker.execute(ActionExecutionWorker.java:56)
	at org.gradle.process.internal.worker.child.SystemApplicationClassLoaderWorker.call(SystemApplicationClassLoaderWorker.java:113)
	at org.gradle.process.internal.worker.child.SystemApplicationClassLoaderWorker.call(SystemApplicationClassLoaderWorker.java:65)
	at app//worker.org.gradle.process.internal.worker.GradleWorkerMain.run(GradleWorkerMain.java:69)
	at app//worker.org.gradle.process.internal.worker.GradleWorkerMain.main(GradleWorkerMain.java:74)
</failure>
  </testcase>
  <system-out><![CDATA[]]></system-out>
  <system-err><![CDATA[sept. 27, 2023 8:26:13 A. M. org.openqa.selenium.remote.DesiredCapabilities chrome
INFO: Using `new ChromeOptions()` is preferred to `DesiredCapabilities.chrome()`
[Test worker] INFO net.serenitybdd.core.webdriver.driverproviders.ProvideNewDriver - Instantiating driver
[Test worker] INFO net.serenitybdd.core.webdriver.driverproviders.ProvideNewDriver - Driver capabilities: Capabilities {acceptInsecureCerts: false, browserName: chrome, goog:chromeOptions: {args: [], extensions: []}, loggingPrefs: org.openqa.selenium.logging..., platform: ANY, version: }
Starting ChromeDriver 116.0.5845.96 (1a391816688002153ef791ffe60d9e899a71a037-refs/branch-heads/5845@{#1382}) on port 10737
Only local connections are allowed.
Please see https://chromedriver.chromium.org/security-considerations for suggestions on keeping ChromeDriver safe.
ChromeDriver was started successfully.
[1695821175.671][WARNING]: This version of ChromeDriver has not been tested with Chrome version 117.
sept. 27, 2023 8:26:15 A. M. org.openqa.selenium.remote.ProtocolHandshake createSession
INFO: Detected dialect: W3C
[Test worker] ERROR net.thucydides.core.steps.ConsoleLoggingListener - 
           __  _____ _____ ____ _____   _____ _    ___ _     _____ ____  
  _       / / |_   _| ____/ ___|_   _| |  ___/ \  |_ _| |   | ____|  _ \ 
 (_)_____| |    | | |  _| \___ \ | |   | |_ / _ \  | || |   |  _| | | | |
  _|_____| |    | | | |___ ___) || |   |  _/ ___ \ | || |___| |___| |_| |
 (_)     | |    |_| |_____|____/ |_|   |_|/_/   \_\___|_____|_____|____/ 
          \_\                                                            

TEST FAILED WITH ERROR: Search hotel deals with params and filters
---------------------------------------------------------------------
[Test worker] ERROR net.thucydides.core.steps.ConsoleLoggingListener - TEST FAILED AT STEP When The user changes the currency | example | example2 | | a | a |
[Test worker] ERROR net.thucydides.core.steps.ConsoleLoggingListener - Arity mismatch: Step Definition 'stepdefinitions.AccommodationStepDefinition.theUserChangesTheCurrency() in file:/C:/Users/CristianSenasoft/IdeaProjects/Senasoft2023Grupo3/Automatizaci%c3%b3n/screenplay/build/classes/java/test/' with pattern [^The user changes the currency$] is declared with 0 parameters. However, the gherkin step has 1 arguments [Table:[[example, example2], [a, a]]]. 
]]></system-err>
</testsuite>
